2016/03/13 19:33:15:283 INFO n.a: ------------------ VM Info ------------------
2016/03/13 19:33:15:284 INFO n.a: -- OS Name: Linux
2016/03/13 19:33:15:284 INFO n.a: -- OS Arch: amd64
2016/03/13 19:33:15:284 INFO n.a: -- OS Vers: 3.16.0-48-generic
2016/03/13 19:33:15:284 INFO n.a: -- Java Vers: 1.7.0_79
2016/03/13 19:33:15:284 INFO n.a: -- Java Home: /usr/lib/jvm/java-7-openjdk-amd64/jre
2016/03/13 19:33:15:284 INFO n.a: -- User Name: john
2016/03/13 19:33:15:285 INFO n.a: -- User Home: /home/john
2016/03/13 19:33:15:285 INFO n.a: -- Cur dir: /home/john/Desktop/LMX_runfolder/.hidden
2016/03/13 19:33:15:285 INFO n.a: ---------------------------------------------
2016/03/13 19:33:15:305 INFO n.a: ---------------- Proxy Info -----------------
2016/03/13 19:33:15:305 INFO n.a: -- Proxy Host: null
2016/03/13 19:33:15:305 INFO n.a: -- Proxy Port: null
2016/03/13 19:33:15:305 INFO n.a: ---------------------------------------------
2016/03/13 19:33:15:310 INFO n.a: Able to lock for updates: true
2016/03/13 19:33:15:342 INFO n.a: Verifying application: https://raw.githubusercontent.com/johnloven/LMX-publish/master/
2016/03/13 19:33:15:342 INFO n.a: Version: -1
2016/03/13 19:33:15:342 INFO n.a: Class: se.larandematriser.main.StartDialog
2016/03/13 19:33:15:342 INFO n.a: Dropping status 'm.validating'.
2016/03/13 19:33:15:352 INFO n.a: Attempting to refetch 'digest.txt' from 'https://raw.githubusercontent.com/johnloven/LMX-publish/master/digest.txt'.
2016/03/13 19:33:15:894 INFO n.a: No signers, not verifying file [path=digest.txt]
2016/03/13 19:33:15:895 INFO n.a: Unversioned digest changed. Revalidating...
2016/03/13 19:33:15:947 INFO n.a: Resource failed digest check [rsrc=LMX.jar, computed=0b621f12d97411d8fdbc967112cab1a5, expected=3abb88a6fbee4ebf0e73abe13841f0d3]
2016/03/13 19:33:15:947 INFO n.a: 1 of 1 rsrcs require update (0 assumed valid).
2016/03/13 19:33:16:804 INFO n.a: Downloading 449682 bytes...
2016/03/13 19:33:16:887 INFO n.a: Downloading resource [url=https://raw.githubusercontent.com/johnloven/LMX-publish/master/LMX.jar, size=449682]
2016/03/13 19:33:17:228 INFO n.a: Verifying application: https://raw.githubusercontent.com/johnloven/LMX-publish/master/
2016/03/13 19:33:17:229 INFO n.a: Version: -1
2016/03/13 19:33:17:229 INFO n.a: Class: se.larandematriser.main.StartDialog
2016/03/13 19:33:17:229 INFO n.a: Attempting to refetch 'digest.txt' from 'https://raw.githubusercontent.com/johnloven/LMX-publish/master/digest.txt'.
2016/03/13 19:33:17:269 INFO n.a: No signers, not verifying file [path=digest.txt]
2016/03/13 19:33:17:291 INFO n.a: Resources verified.
2016/03/13 19:33:17:292 INFO n.a: Didn't find any custom environment variables, not setting any.
2016/03/13 19:33:17:292 INFO n.a: Running /usr/lib/jvm/java-7-openjdk-amd64/jre/bin/java
  -classpath
  /home/john/Desktop/LMX_runfolder/.hidden/LMX.jar
  -Dcom.threerings.getdown=true
  se.larandematriser.main.StartDialog
